Determining if the pthread_create exist failed with the following output:
Change Dir: /home/patrick/Mobile_Robots/catkin_ws/build/CMakeFiles/CMakeTmp

Run Build Command:"/usr/bin/make" "cmTC_bf479/fast"
/usr/bin/make -f CMakeFiles/cmTC_bf479.dir/build.make CMakeFiles/cmTC_bf479.dir/build
make[1]: Entering directory '/home/patrick/Mobile_Robots/catkin_ws/build/CMakeFiles/CMakeTmp'
Building C object CMakeFiles/cmTC_bf479.dir/CheckSymbolExists.c.o
/usr/bin/cc    -o CMakeFiles/cmTC_bf479.dir/CheckSymbolExists.c.o   -c /home/patrick/Mobile_Robots/catkin_ws/build/CMakeFiles/CMakeTmp/CheckSymbolExists.c
Linking C executable cmTC_bf479
/usr/bin/cmake -E cmake_link_script CMakeFiles/cmTC_bf479.dir/link.txt --verbose=1
/usr/bin/cc      -rdynamic CMakeFiles/cmTC_bf479.dir/CheckSymbolExists.c.o  -o cmTC_bf479 
CMakeFiles/cmTC_bf479.dir/CheckSymbolExists.c.o: In function `main':
CheckSymbolExists.c:(.text+0x14): undefined reference to `pthread_create'
CheckSymbolExists.c:(.text+0x18): undefined reference to `pthread_create'
collect2: error: ld returned 1 exit status
CMakeFiles/cmTC_bf479.dir/build.make:97: recipe for target 'cmTC_bf479' failed
make[1]: *** [cmTC_bf479] Error 1
make[1]: Leaving directory '/home/patrick/Mobile_Robots/catkin_ws/build/CMakeFiles/CMakeTmp'
Makefile:126: recipe for target 'cmTC_bf479/fast' failed
make: *** [cmTC_bf479/fast] Error 2

File /home/patrick/Mobile_Robots/catkin_ws/build/CMakeFiles/CMakeTmp/CheckSymbolExists.c:
/* */
#include <pthread.h>

int main(int argc, char** argv)
{
  (void)argv;
#ifndef pthread_create
  return ((int*)(&pthread_create))[argc];
#else
  (void)argc;
  return 0;
#endif
}

Determining if the function pthread_create exists in the pthreads failed with the following output:
Change Dir: /home/patrick/Mobile_Robots/catkin_ws/build/CMakeFiles/CMakeTmp

Run Build Command:"/usr/bin/make" "cmTC_0ca72/fast"
/usr/bin/make -f CMakeFiles/cmTC_0ca72.dir/build.make CMakeFiles/cmTC_0ca72.dir/build
make[1]: Entering directory '/home/patrick/Mobile_Robots/catkin_ws/build/CMakeFiles/CMakeTmp'
Building C object CMakeFiles/cmTC_0ca72.dir/CheckFunctionExists.c.o
/usr/bin/cc   -DCHECK_FUNCTION_EXISTS=pthread_create   -o CMakeFiles/cmTC_0ca72.dir/CheckFunctionExists.c.o   -c /usr/share/cmake-3.10/Modules/CheckFunctionExists.c
Linking C executable cmTC_0ca72
/usr/bin/cmake -E cmake_link_script CMakeFiles/cmTC_0ca72.dir/link.txt --verbose=1
/usr/bin/cc  -DCHECK_FUNCTION_EXISTS=pthread_create    -rdynamic CMakeFiles/cmTC_0ca72.dir/CheckFunctionExists.c.o  -o cmTC_0ca72 -lpthreads 
/usr/bin/ld: cannot find -lpthreads
collect2: error: ld returned 1 exit status
CMakeFiles/cmTC_0ca72.dir/build.make:97: recipe for target 'cmTC_0ca72' failed
make[1]: *** [cmTC_0ca72] Error 1
make[1]: Leaving directory '/home/patrick/Mobile_Robots/catkin_ws/build/CMakeFiles/CMakeTmp'
Makefile:126: recipe for target 'cmTC_0ca72/fast' failed
make: *** [cmTC_0ca72/fast] Error 2


Performing C SOURCE FILE Test CMAKE_HAVE_LIBC_PTHREAD failed with the following output:
Change Dir: /home/patrick/Mobile_Robots/catkin_ws/build/CMakeFiles/CMakeTmp

Run Build Command(s):/usr/bin/make cmTC_b6c5c/fast && make[1]: Entering directory '/home/patrick/Mobile_Robots/catkin_ws/build/CMakeFiles/CMakeTmp'
/usr/bin/make -f CMakeFiles/cmTC_b6c5c.dir/build.make CMakeFiles/cmTC_b6c5c.dir/build
make[2]: Entering directory '/home/patrick/Mobile_Robots/catkin_ws/build/CMakeFiles/CMakeTmp'
Building C object CMakeFiles/cmTC_b6c5c.dir/src.c.o
/usr/bin/cc   -DCMAKE_HAVE_LIBC_PTHREAD   -o CMakeFiles/cmTC_b6c5c.dir/src.c.o   -c /home/patrick/Mobile_Robots/catkin_ws/build/CMakeFiles/CMakeTmp/src.c
Linking C executable cmTC_b6c5c
/usr/bin/cmake -E cmake_link_script CMakeFiles/cmTC_b6c5c.dir/link.txt --verbose=1
/usr/bin/cc  -DCMAKE_HAVE_LIBC_PTHREAD    -rdynamic CMakeFiles/cmTC_b6c5c.dir/src.c.o  -o cmTC_b6c5c 
/usr/bin/ld: CMakeFiles/cmTC_b6c5c.dir/src.c.o: in function `main':
src.c:(.text+0x46): undefined reference to `pthread_create'
/usr/bin/ld: src.c:(.text+0x52): undefined reference to `pthread_detach'
/usr/bin/ld: src.c:(.text+0x63): undefined reference to `pthread_join'
collect2: error: ld returned 1 exit status
make[2]: *** [CMakeFiles/cmTC_b6c5c.dir/build.make:87: cmTC_b6c5c] Error 1
make[2]: Leaving directory '/home/patrick/Mobile_Robots/catkin_ws/build/CMakeFiles/CMakeTmp'
make[1]: *** [Makefile:121: cmTC_b6c5c/fast] Error 2
make[1]: Leaving directory '/home/patrick/Mobile_Robots/catkin_ws/build/CMakeFiles/CMakeTmp'


Source file was:
#include <pthread.h>

void* test_func(void* data)
{
  return data;
}

int main(void)
{
  pthread_t thread;
  pthread_create(&thread, NULL, test_func, NULL);
  pthread_detach(thread);
  pthread_join(thread, NULL);
  pthread_atfork(NULL, NULL, NULL);
  pthread_exit(NULL);

  return 0;
}

